<?xml version="1.0" encoding="UTF-8"?>
<!-- Generated by org.testng.reporters.JUnitXMLReporter -->
<testsuite ignored="0" hostname="USE2DEVP0924" failures="0" tests="7" name="Default test" time="0.095" errors="0" timestamp="2020-11-04T11:35:10 IST">
  <testcase classname="Test.day1" name="demo1" time="0.021"/>
  <testcase classname="Test.day1" name="demo2" time="0.002"/>
  <testcase classname="Test.day1" name="demo3" time="0.004"/>
  <testcase classname="Test.day1" name="demo4" time="0.006"/>
  <testcase classname="Test.day1" name="demo5" time="0.003"/>
  <testcase classname="Test.day1" name="demo6" time="0.001"/>
  <testcase classname="Test.day1" name="demo7" time="0.001"/>
</testsuite> <!-- Default test -->
