<?xml version="1.0" encoding="UTF-8"?>
<!-- Generated by org.testng.reporters.JUnitXMLReporter -->
<testsuite ignored="0" hostname="USE2DEVP0924" failures="0" tests="6" name="day1" time="0.08" errors="0" timestamp="2020-11-06T17:09:01 IST">
  <testcase classname="Test.day1" name="demo1" time="0.007"/>
  <testcase classname="Test.day1" name="demo2" time="0.002"/>
  <testcase classname="Test.day1" name="demo3" time="0.003"/>
  <testcase classname="Test.day1" name="demo4" time="0.002"/>
  <testcase classname="Test.day1" name="demo5" time="0.001"/>
  <testcase classname="Test.day1" name="demo6" time="0.002"/>
</testsuite> <!-- day1 -->
