<?xml version="1.0" encoding="UTF-8"?>
<!-- Generated by org.testng.reporters.JUnitXMLReporter -->
<testsuite ignored="4" hostname="USE2DEVP0924" failures="0" tests="1" name="Test.SerialTemplate" time="0.005" errors="0" timestamp="2020-11-06T17:09:01 IST">
  <testcase classname="Test.SerialTemplate" name="demo8" time="0.001"/>
  <testcase classname="Test.SerialTemplate" name="instatiateSerial" time="0.0">
    <ignored/>
  </testcase> <!-- instatiateSerial -->
  <testcase classname="Test.SerialTemplate" name="demo11" time="0.0">
    <ignored/>
  </testcase> <!-- demo11 -->
  <testcase classname="Test.SerialTemplate" name="demo9" time="0.0">
    <ignored/>
  </testcase> <!-- demo9 -->
  <testcase classname="Test.SerialTemplate" name="demo10" time="0.0">
    <ignored/>
  </testcase> <!-- demo10 -->
</testsuite> <!-- Test.SerialTemplate -->
