<?xml version="1.0" encoding="UTF-8"?>
<!-- Generated by org.testng.reporters.JUnitXMLReporter -->
<testsuite ignored="0" hostname="USE2DEVP0924" failures="0" tests="12" name="Test" time="0.103" errors="0" timestamp="2020-11-04T12:16:21 IST">
  <testcase classname="Test.day1" name="demo1" time="0.019"/>
  <testcase classname="Test.day1" name="demo2" time="0.002"/>
  <testcase classname="Test.day1" name="demo3" time="0.001"/>
  <testcase classname="Test.day1" name="demo4" time="0.001"/>
  <testcase classname="Test.day1" name="demo5" time="0.004"/>
  <testcase classname="Test.day1" name="demo6" time="0.001"/>
  <testcase classname="Test.day1" name="demo7" time="0.002"/>
  <testcase classname="Test.SerialTemplate" name="demo10" time="0.001"/>
  <testcase classname="Test.SerialTemplate" name="demo11" time="0.001"/>
  <testcase classname="Test.SerialTemplate" name="demo8" time="0.003"/>
  <testcase classname="Test.SerialTemplate" name="demo9" time="0.002"/>
  <testcase classname="Test.SerialTemplate" name="instatiateSerial" time="0.001"/>
</testsuite> <!-- Test -->
