<?xml version="1.0" encoding="UTF-8"?>
<!-- Generated by org.testng.reporters.JUnitXMLReporter -->
<testsuite ignored="1" hostname="USE2DEVP0924" failures="0" tests="1" name="Smoke Tests" time="0.064" errors="0" timestamp="2020-11-06T15:13:25 IST">
  <testcase classname="workflowmanager.SerialTemplate" name="sInstatiateSerial" time="0.009"/>
  <testcase classname="workflowmanager.SerialTemplate" name="instatiateSerial" time="0.0">
    <ignored/>
  </testcase> <!-- instatiateSerial -->
</testsuite> <!-- Smoke Tests -->
