<?xml version="1.0" encoding="UTF-8"?>
<testng-results ignored="4" total="11" passed="7" failed="0" skipped="0">
  <reporter-output>
  </reporter-output>
  <suite started-at="2020-11-06T17:09:01 IST" name="Test" finished-at="2020-11-06T17:09:01 IST" duration-ms="252">
    <groups>
    </groups>
    <test started-at="2020-11-06T17:09:01 IST" name="day1" finished-at="2020-11-06T17:09:01 IST" duration-ms="80">
      <class name="Test.day1">
        <test-method is-config="true" signature="before()[pri:0, instance:Test.day1@1dac5ef]" started-at="2020-11-06T17:09:01 IST" name="before" finished-at="2020-11-06T17:09:01 IST" duration-ms="9" status="PASS">
          <reporter-output>
          </reporter-output>
        </test-method> <!-- before -->
        <test-method signature="demo1()[pri:0, instance:Test.day1@1dac5ef]" started-at="2020-11-06T17:09:01 IST" name="demo1" finished-at="2020-11-06T17:09:01 IST" duration-ms="7" status="PASS">
          <reporter-output>
          </reporter-output>
        </test-method> <!-- demo1 -->
        <test-method signature="demo2()[pri:0, instance:Test.day1@1dac5ef]" started-at="2020-11-06T17:09:01 IST" name="demo2" finished-at="2020-11-06T17:09:01 IST" duration-ms="2" status="PASS">
          <reporter-output>
          </reporter-output>
        </test-method> <!-- demo2 -->
        <test-method signature="demo3()[pri:0, instance:Test.day1@1dac5ef]" started-at="2020-11-06T17:09:01 IST" name="demo3" finished-at="2020-11-06T17:09:01 IST" duration-ms="3" status="PASS">
          <reporter-output>
          </reporter-output>
        </test-method> <!-- demo3 -->
        <test-method signature="demo4()[pri:0, instance:Test.day1@1dac5ef]" started-at="2020-11-06T17:09:01 IST" name="demo4" finished-at="2020-11-06T17:09:01 IST" duration-ms="2" status="PASS">
          <reporter-output>
          </reporter-output>
        </test-method> <!-- demo4 -->
        <test-method signature="demo5()[pri:0, instance:Test.day1@1dac5ef]" started-at="2020-11-06T17:09:01 IST" name="demo5" finished-at="2020-11-06T17:09:01 IST" duration-ms="1" status="PASS">
          <reporter-output>
          </reporter-output>
        </test-method> <!-- demo5 -->
        <test-method signature="demo6()[pri:0, instance:Test.day1@1dac5ef]" started-at="2020-11-06T17:09:01 IST" name="demo6" finished-at="2020-11-06T17:09:01 IST" duration-ms="2" status="PASS">
          <reporter-output>
          </reporter-output>
        </test-method> <!-- demo6 -->
        <test-method is-config="true" signature="demo7()[pri:0, instance:Test.day1@1dac5ef]" started-at="2020-11-06T17:09:01 IST" name="demo7" finished-at="2020-11-06T17:09:01 IST" duration-ms="1" status="PASS">
          <reporter-output>
          </reporter-output>
        </test-method> <!-- demo7 -->
      </class> <!-- Test.day1 -->
    </test> <!-- day1 -->
    <test started-at="2020-11-06T17:09:01 IST" name="Test.SerialTemplate" finished-at="2020-11-06T17:09:01 IST" duration-ms="5">
      <class name="Test.SerialTemplate">
        <test-method signature="demo8()[pri:0, instance:Test.SerialTemplate@1018bde2]" started-at="2020-11-06T17:09:01 IST" name="demo8" finished-at="2020-11-06T17:09:01 IST" duration-ms="1" status="PASS">
          <reporter-output>
          </reporter-output>
        </test-method> <!-- demo8 -->
      </class> <!-- Test.SerialTemplate -->
    </test> <!-- Test.SerialTemplate -->
  </suite> <!-- Test -->
</testng-results>
